This is pdfTeX, Version 3.141592653-2.6-1.40.25 (MiKTeX 23.10) (preloaded format=pdflatex 2023.11.1)  17 NOV 2023 11:18
entering extended mode
 restricted \write18 enabled.
 %&-line parsing enabled.
**./hw2sol.tex
(hw2sol.tex
LaTeX2e <2023-06-01> patch level 1
L3 programming layer <2023-08-29>
(C:\Users\Pranjal\AppData\Local\Programs\MiKTeX\tex/latex/base\article.cls
Document Class: article 2023/05/17 v1.4n Standard LaTeX document class
(C:\Users\Pranjal\AppData\Local\Programs\MiKTeX\tex/latex/base\size11.clo
File: size11.clo 2023/05/17 v1.4n Standard LaTeX file (size option)
)
\c@part=\count185
\c@section=\count186
\c@subsection=\count187
\c@subsubsection=\count188
\c@paragraph=\count189
\c@subparagraph=\count190
\c@figure=\count191
\c@table=\count192
\abovecaptionskip=\skip48
\belowcaptionskip=\skip49
\bibindent=\dimen140
)
(mlsubmit.sty (ml.sty
(C:\Users\Pranjal\AppData\Local\Programs\MiKTeX\tex/latex/preprint\fullpage.sty
Package: fullpage 1999/02/23 1.1 (PWD)
\FP@margin=\skip50
) (C:\Users\Pranjal\AppData\Local\Programs\MiKTeX\tex/latex/amsmath\amsmath.sty
Package: amsmath 2023/05/13 v2.17o AMS math features
\@mathmargin=\skip51
For additional information on amsmath, use the `?' option.
(C:\Users\Pranjal\AppData\Local\Programs\MiKTeX\tex/latex/amsmath\amstext.sty
Package: amstext 2021/08/26 v2.01 AMS text

(C:\Users\Pranjal\AppData\Local\Programs\MiKTeX\tex/latex/amsmath\amsgen.sty
File: amsgen.sty 1999/11/30 v2.0 generic functions
\@emptytoks=\toks17
\ex@=\dimen141
))
(C:\Users\Pranjal\AppData\Local\Programs\MiKTeX\tex/latex/amsmath\amsbsy.sty
Package: amsbsy 1999/11/29 v1.2d Bold Symbols
\pmbraise@=\dimen142
)
(C:\Users\Pranjal\AppData\Local\Programs\MiKTeX\tex/latex/amsmath\amsopn.sty
Package: amsopn 2022/04/08 v2.04 operator names
)
\inf@bad=\count193
LaTeX Info: Redefining \frac on input line 234.
\uproot@=\count194
\leftroot@=\count195
LaTeX Info: Redefining \overline on input line 399.
LaTeX Info: Redefining \colon on input line 410.
\classnum@=\count196
\DOTSCASE@=\count197
LaTeX Info: Redefining \ldots on input line 496.
LaTeX Info: Redefining \dots on input line 499.
LaTeX Info: Redefining \cdots on input line 620.
\Mathstrutbox@=\box51
\strutbox@=\box52
LaTeX Info: Redefining \big on input line 722.
LaTeX Info: Redefining \Big on input line 723.
LaTeX Info: Redefining \bigg on input line 724.
LaTeX Info: Redefining \Bigg on input line 725.
\big@size=\dimen143
LaTeX Font Info:    Redeclaring font encoding OML on input line 743.
LaTeX Font Info:    Redeclaring font encoding OMS on input line 744.
\macc@depth=\count198
LaTeX Info: Redefining \bmod on input line 905.
LaTeX Info: Redefining \pmod on input line 910.
LaTeX Info: Redefining \smash on input line 940.
LaTeX Info: Redefining \relbar on input line 970.
LaTeX Info: Redefining \Relbar on input line 971.
\c@MaxMatrixCols=\count199
\dotsspace@=\muskip16
\c@parentequation=\count266
\dspbrk@lvl=\count267
\tag@help=\toks18
\row@=\count268
\column@=\count269
\maxfields@=\count270
\andhelp@=\toks19
\eqnshift@=\dimen144
\alignsep@=\dimen145
\tagshift@=\dimen146
\tagwidth@=\dimen147
\totwidth@=\dimen148
\lineht@=\dimen149
\@envbody=\toks20
\multlinegap=\skip52
\multlinetaggap=\skip53
\mathdisplay@stack=\toks21
LaTeX Info: Redefining \[ on input line 2953.
LaTeX Info: Redefining \] on input line 2954.
)
(C:\Users\Pranjal\AppData\Local\Programs\MiKTeX\tex/latex/amscls\amsthm.sty
Package: amsthm 2020/05/29 v2.20.6
\thm@style=\toks22
\thm@bodyfont=\toks23
\thm@headfont=\toks24
\thm@notefont=\toks25
\thm@headpunct=\toks26
\thm@preskip=\skip54
\thm@postskip=\skip55
\thm@headsep=\skip56
\dth@everypar=\toks27
)
(C:\Users\Pranjal\AppData\Local\Programs\MiKTeX\tex/latex/amsfonts\amssymb.sty
Package: amssymb 2013/01/14 v3.01 AMS font symbols

(C:\Users\Pranjal\AppData\Local\Programs\MiKTeX\tex/latex/amsfonts\amsfonts.sty
Package: amsfonts 2013/01/14 v3.01 Basic AMSFonts support
\symAMSa=\mathgroup4
\symAMSb=\mathgroup5
LaTeX Font Info:    Redeclaring math symbol \hbar on input line 98.
LaTeX Font Info:    Overwriting math alphabet `\mathfrak' in version `bold'
(Font)                  U/euf/m/n --> U/euf/b/n on input line 106.
))
(C:\Users\Pranjal\AppData\Local\Programs\MiKTeX\tex/latex/stmaryrd\stmaryrd.sty
Package: stmaryrd 1994/03/03 St Mary's Road symbol package
\symstmry=\mathgroup6
LaTeX Font Info:    Overwriting symbol font `stmry' in version `bold'
(Font)                  U/stmry/m/n --> U/stmry/b/n on input line 89.
)
(C:\Users\Pranjal\AppData\Local\Programs\MiKTeX\tex/latex/algorithms\algorithmi
c.sty
Package: algorithmic 2009/08/24 v0.1 Document Style `algorithmic'
 (C:\Users\Pranjal\AppData\Local\Programs\MiKTeX\tex/latex/base\ifthen.sty
Package: ifthen 2022/04/13 v1.1d Standard LaTeX ifthen package (DPC)
) (C:\Users\Pranjal\AppData\Local\Programs\MiKTeX\tex/latex/graphics\keyval.sty
Package: keyval 2022/05/29 v1.15 key=value parser (DPC)
\KV@toks@=\toks28
)
\c@ALC@unique=\count271
\c@ALC@line=\count272
\c@ALC@rem=\count273
\c@ALC@depth=\count274
\ALC@tlm=\skip57
\algorithmicindent=\skip58
)
(C:\Users\Pranjal\AppData\Local\Programs\MiKTeX\tex/latex/graphics\graphicx.sty
Package: graphicx 2021/09/16 v1.2d Enhanced LaTeX Graphics (DPC,SPQR)

(C:\Users\Pranjal\AppData\Local\Programs\MiKTeX\tex/latex/graphics\graphics.sty
Package: graphics 2022/03/10 v1.4e Standard LaTeX Graphics (DPC,SPQR)
(C:\Users\Pranjal\AppData\Local\Programs\MiKTeX\tex/latex/graphics\trig.sty
Package: trig 2021/08/11 v1.11 sin cos tan (DPC)
)
(C:\Users\Pranjal\AppData\Local\Programs\MiKTeX\tex/latex/graphics-cfg\graphics
.cfg
File: graphics.cfg 2016/06/04 v1.11 sample graphics configuration
)
Package graphics Info: Driver file: pdftex.def on input line 107.

(C:\Users\Pranjal\AppData\Local\Programs\MiKTeX\tex/latex/graphics-def\pdftex.d
ef
File: pdftex.def 2022/09/22 v1.2b Graphics/color driver for pdftex
))
\Gin@req@height=\dimen150
\Gin@req@width=\dimen151
)
(C:\Users\Pranjal\AppData\Local\Programs\MiKTeX\tex/latex/titlesec\titlesec.sty
Package: titlesec 2023/10/17 v2.15 Sectioning titles
\ttl@box=\box53
\beforetitleunit=\skip59
\aftertitleunit=\skip60
\ttl@plus=\dimen152
\ttl@minus=\dimen153
\ttl@toksa=\toks29
\titlewidth=\dimen154
\titlewidthlast=\dimen155
\titlewidthfirst=\dimen156
)
(C:\Users\Pranjal\AppData\Local\Programs\MiKTeX\tex/latex/hyperref\hyperref.sty
Package: hyperref 2023-07-08 v7.01b Hypertext links for LaTeX

(C:\Users\Pranjal\AppData\Local\Programs\MiKTeX\tex/generic/ltxcmds\ltxcmds.sty
Package: ltxcmds 2020-05-10 v1.25 LaTeX kernel commands for general use (HO)
) (C:\Users\Pranjal\AppData\Local\Programs\MiKTeX\tex/generic/iftex\iftex.sty
Package: iftex 2022/02/03 v1.0f TeX engine tests
)
(C:\Users\Pranjal\AppData\Local\Programs\MiKTeX\tex/generic/pdftexcmds\pdftexcm
ds.sty
Package: pdftexcmds 2020-06-27 v0.33 Utility functions of pdfTeX for LuaTeX (HO
)

(C:\Users\Pranjal\AppData\Local\Programs\MiKTeX\tex/generic/infwarerr\infwarerr
.sty
Package: infwarerr 2019/12/03 v1.5 Providing info/warning/error messages (HO)
)
Package pdftexcmds Info: \pdf@primitive is available.
Package pdftexcmds Info: \pdf@ifprimitive is available.
Package pdftexcmds Info: \pdfdraftmode found.
)
(C:\Users\Pranjal\AppData\Local\Programs\MiKTeX\tex/latex/kvsetkeys\kvsetkeys.s
ty
Package: kvsetkeys 2022-10-05 v1.19 Key value parser (HO)
)
(C:\Users\Pranjal\AppData\Local\Programs\MiKTeX\tex/generic/kvdefinekeys\kvdefi
nekeys.sty
Package: kvdefinekeys 2019-12-19 v1.6 Define keys (HO)
)
(C:\Users\Pranjal\AppData\Local\Programs\MiKTeX\tex/generic/pdfescape\pdfescape
.sty
Package: pdfescape 2019/12/09 v1.15 Implements pdfTeX's escape features (HO)
)
(C:\Users\Pranjal\AppData\Local\Programs\MiKTeX\tex/latex/hycolor\hycolor.sty
Package: hycolor 2020-01-27 v1.10 Color options for hyperref/bookmark (HO)
)
(C:\Users\Pranjal\AppData\Local\Programs\MiKTeX\tex/latex/letltxmacro\letltxmac
ro.sty
Package: letltxmacro 2019/12/03 v1.6 Let assignment for LaTeX macros (HO)
)
(C:\Users\Pranjal\AppData\Local\Programs\MiKTeX\tex/latex/auxhook\auxhook.sty
Package: auxhook 2019-12-17 v1.6 Hooks for auxiliary files (HO)
)
(C:\Users\Pranjal\AppData\Local\Programs\MiKTeX\tex/latex/hyperref\nameref.sty
Package: nameref 2023-10-05 v2.54 Cross-referencing by name of section

(C:\Users\Pranjal\AppData\Local\Programs\MiKTeX\tex/latex/refcount\refcount.sty
Package: refcount 2019/12/15 v3.6 Data extraction from label references (HO)
)
(C:\Users\Pranjal\AppData\Local\Programs\MiKTeX\tex/generic/gettitlestring\gett
itlestring.sty
Package: gettitlestring 2019/12/15 v1.6 Cleanup title references (HO)

(C:\Users\Pranjal\AppData\Local\Programs\MiKTeX\tex/latex/kvoptions\kvoptions.s
ty
Package: kvoptions 2022-06-15 v3.15 Key value format for package options (HO)
))
\c@section@level=\count275
)
(C:\Users\Pranjal\AppData\Local\Programs\MiKTeX\tex/latex/etoolbox\etoolbox.sty
Package: etoolbox 2020/10/05 v2.5k e-TeX tools for LaTeX (JAW)
\etb@tempcnta=\count276
)
\@linkdim=\dimen157
\Hy@linkcounter=\count277
\Hy@pagecounter=\count278
 (C:\Users\Pranjal\AppData\Local\Programs\MiKTeX\tex/latex/hyperref\pd1enc.def
File: pd1enc.def 2023-10-21 v7.01c Hyperref: PDFDocEncoding definition (HO)
Now handling font encoding PD1 ...
... no UTF-8 mapping file for font encoding PD1
)
(C:\Users\Pranjal\AppData\Local\Programs\MiKTeX\tex/generic/intcalc\intcalc.sty
Package: intcalc 2019/12/15 v1.3 Expandable calculations with integers (HO)
)
\Hy@SavedSpaceFactor=\count279
 (C:\Users\Pranjal\AppData\Local\Programs\MiKTeX\tex/latex/hyperref\puenc.def
File: puenc.def 2023-10-21 v7.01c Hyperref: PDF Unicode definition (HO)
Now handling font encoding PU ...
... no UTF-8 mapping file for font encoding PU
)
Package hyperref Info: Hyper figures OFF on input line 4167.
Package hyperref Info: Link nesting OFF on input line 4172.
Package hyperref Info: Hyper index ON on input line 4175.
Package hyperref Info: Plain pages OFF on input line 4182.
Package hyperref Info: Backreferencing OFF on input line 4187.
Package hyperref Info: Implicit mode ON; LaTeX internals redefined.
Package hyperref Info: Bookmarks ON on input line 4434.
\c@Hy@tempcnt=\count280
(C:\Users\Pranjal\AppData\Local\Programs\MiKTeX\tex/latex/url\url.sty
\Urlmuskip=\muskip17
Package: url 2013/09/16  ver 3.4  Verb mode for urls, etc.
)
LaTeX Info: Redefining \url on input line 4772.
\XeTeXLinkMargin=\dimen158

(C:\Users\Pranjal\AppData\Local\Programs\MiKTeX\tex/generic/bitset\bitset.sty
Package: bitset 2019/12/09 v1.3 Handle bit-vector datatype (HO)

(C:\Users\Pranjal\AppData\Local\Programs\MiKTeX\tex/generic/bigintcalc\bigintca
lc.sty
Package: bigintcalc 2019/12/15 v1.5 Expandable calculations on big integers (HO
)
))
\Fld@menulength=\count281
\Field@Width=\dimen159
\Fld@charsize=\dimen160
Package hyperref Info: Hyper figures OFF on input line 6051.
Package hyperref Info: Link nesting OFF on input line 6056.
Package hyperref Info: Hyper index ON on input line 6059.
Package hyperref Info: backreferencing OFF on input line 6066.
Package hyperref Info: Link coloring OFF on input line 6071.
Package hyperref Info: Link coloring with OCG OFF on input line 6076.
Package hyperref Info: PDF/A mode OFF on input line 6081.

(C:\Users\Pranjal\AppData\Local\Programs\MiKTeX\tex/latex/base\atbegshi-ltx.sty
Package: atbegshi-ltx 2021/01/10 v1.0c Emulation of the original atbegshi
package with kernel methods
)
\Hy@abspage=\count282
\c@Item=\count283
\c@Hfootnote=\count284
)
Package hyperref Info: Driver (autodetected): hpdftex.

(C:\Users\Pranjal\AppData\Local\Programs\MiKTeX\tex/latex/hyperref\hpdftex.def
File: hpdftex.def 2023-10-21 v7.01c Hyperref driver for pdfTeX


! Package hyperref Error: Version mismatch!
(hyperref)                * 2023-07-08 v7.01b: hyperref.sty
(hyperref)                * 2023-10-21 v7.01c: hpdftex.def.

See the hyperref package documentation for explanation.
Type  H <return>  for immediate help.
 ...                                              
                                                  
l.38 \Hy@VersionCheck{hpdftex.def}
                                  
You're in trouble here.  Try typing  <return>  to proceed.
If that doesn't work, type  X <return>  to quit.


(C:\Users\Pranjal\AppData\Local\Programs\MiKTeX\tex/latex/base\atveryend-ltx.st
y
Package: atveryend-ltx 2020/08/19 v1.0a Emulation of the original atveryend pac
kage
with kernel methods
)
\Fld@listcount=\count285
\c@bookmark@seq@number=\count286

(C:\Users\Pranjal\AppData\Local\Programs\MiKTeX\tex/latex/rerunfilecheck\rerunf
ilecheck.sty
Package: rerunfilecheck 2022-07-10 v1.10 Rerun checks for auxiliary files (HO)

(C:\Users\Pranjal\AppData\Local\Programs\MiKTeX\tex/generic/uniquecounter\uniqu
ecounter.sty
Package: uniquecounter 2019/12/15 v1.4 Provide unlimited unique counter (HO)
)
Package uniquecounter Info: New unique counter `rerunfilecheck' on input line 2
85.
)
\Hy@SectionHShift=\skip61
)
(C:\Users\Pranjal\AppData\Local\Programs\MiKTeX\tex/latex/tools\xspace.sty
Package: xspace 2014/10/28 v1.13 Space after command names (DPC,MH)
)
(C:\Users\Pranjal\AppData\Local\Programs\MiKTeX\tex/latex/natbib\natbib.sty
Package: natbib 2010/09/13 8.31b (PWD, AO)
\bibhang=\skip62
\bibsep=\skip63
LaTeX Info: Redefining \cite on input line 694.
\c@NAT@ctr=\count287
)
(C:\Users\Pranjal\AppData\Local\Programs\MiKTeX\tex/latex/framed\framed.sty
Package: framed 2011/10/22 v 0.96: framed or shaded text with page breaks
\OuterFrameSep=\skip64
\fb@frw=\dimen161
\fb@frh=\dimen162
\FrameRule=\dimen163
\FrameSep=\dimen164
)
(C:\Users\Pranjal\AppData\Local\Programs\MiKTeX\tex/latex/float\float.sty
Package: float 2001/11/08 v1.3d Float enhancements (AL)
\c@float@type=\count288
\float@exts=\toks30
\float@box=\box54
\@float@everytoks=\toks31
\@floatcapt=\box55
)
(C:\Users\Pranjal\AppData\Local\Programs\MiKTeX\tex/latex/colortbl\colortbl.sty
Package: colortbl 2022/06/20 v1.0f Color table columns (DPC)
(C:\Users\Pranjal\AppData\Local\Programs\MiKTeX\tex/latex/tools\array.sty
Package: array 2022/09/04 v2.5g Tabular extension package (FMi)
\col@sep=\dimen165
\ar@mcellbox=\box56
\extrarowheight=\dimen166
\NC@list=\toks32
\extratabsurround=\skip65
\backup@length=\skip66
\ar@cellbox=\box57
)
(C:\Users\Pranjal\AppData\Local\Programs\MiKTeX\tex/latex/graphics\color.sty
Package: color 2022/01/06 v1.3d Standard LaTeX Color (DPC)

(C:\Users\Pranjal\AppData\Local\Programs\MiKTeX\tex/latex/graphics-cfg\color.cf
g
File: color.cfg 2016/01/02 v1.6 sample color configuration
)
Package color Info: Driver file: pdftex.def on input line 149.

(C:\Users\Pranjal\AppData\Local\Programs\MiKTeX\tex/latex/graphics\mathcolor.lt
x))
\everycr=\toks33
\minrowclearance=\skip67
\rownum=\count289
)
\c@mlseries=\count290
\c@mlalgorithm=\count291
\c@theorem=\count292
\c@remark=\count293
\c@definition=\count294
\c@example=\count295
\c@exercise=\count296
\@float@every@mlalgo=\toks34
\c@mlalgo=\count297
)
\c@mlanswer=\count298
) (C:\Users\Pranjal\AppData\Local\Programs\MiKTeX\tex/latex/tools\bm.sty
Package: bm 2022/01/05 v1.2f Bold Symbol Support (DPC/FMi)
\symboldoperators=\mathgroup7
\symboldletters=\mathgroup8
\symboldsymbols=\mathgroup9
Package bm Info: No bold for \OMX/cmex/m/n, using \pmb.
Package bm Info: No bold for \U/msa/m/n, using \pmb.
Package bm Info: No bold for \U/msb/m/n, using \pmb.
\symboldstmry=\mathgroup10
LaTeX Font Info:    Redeclaring math alphabet \mathbf on input line 149.
)
(C:\Users\Pranjal\AppData\Local\Programs\MiKTeX\tex/latex/l3backend\l3backend-p
dftex.def
File: l3backend-pdftex.def 2023-04-19 L3 backend support: PDF output (pdfTeX)
\l__color_backend_stack_int=\count299
\l__pdf_internal_box=\box58
) (hw2sol.aux)
\openout1 = `hw2sol.aux'.

LaTeX Font Info:    Checking defaults for OML/cmm/m/it on input line 6.
LaTeX Font Info:    ... okay on input line 6.
LaTeX Font Info:    Checking defaults for OMS/cmsy/m/n on input line 6.
LaTeX Font Info:    ... okay on input line 6.
LaTeX Font Info:    Checking defaults for OT1/cmr/m/n on input line 6.
LaTeX Font Info:    ... okay on input line 6.
LaTeX Font Info:    Checking defaults for T1/cmr/m/n on input line 6.
LaTeX Font Info:    ... okay on input line 6.
LaTeX Font Info:    Checking defaults for TS1/cmr/m/n on input line 6.
LaTeX Font Info:    ... okay on input line 6.
LaTeX Font Info:    Checking defaults for OMX/cmex/m/n on input line 6.
LaTeX Font Info:    ... okay on input line 6.
LaTeX Font Info:    Checking defaults for U/cmr/m/n on input line 6.
LaTeX Font Info:    ... okay on input line 6.
LaTeX Font Info:    Checking defaults for PD1/pdf/m/n on input line 6.
LaTeX Font Info:    ... okay on input line 6.
LaTeX Font Info:    Checking defaults for PU/pdf/m/n on input line 6.
LaTeX Font Info:    ... okay on input line 6.

(C:\Users\Pranjal\AppData\Local\Programs\MiKTeX\tex/context/base/mkii\supp-pdf.
mkii
[Loading MPS to PDF converter (version 2006.09.02).]
\scratchcounter=\count300
\scratchdimen=\dimen167
\scratchbox=\box59
\nofMPsegments=\count301
\nofMParguments=\count302
\everyMPshowfont=\toks35
\MPscratchCnt=\count303
\MPscratchDim=\dimen168
\MPnumerator=\count304
\makeMPintoPDFobject=\count305
\everyMPtoPDFconversion=\toks36
)
(C:\Users\Pranjal\AppData\Local\Programs\MiKTeX\tex/latex/epstopdf-pkg\epstopdf
-base.sty
Package: epstopdf-base 2020-01-24 v2.11 Base part for package epstopdf
Package epstopdf-base Info: Redefining graphics rule for `.eps' on input line 4
85.

(C:\Users\Pranjal\AppData\Local\Programs\MiKTeX\tex/latex/00miktex\epstopdf-sys
.cfg
File: epstopdf-sys.cfg 2021/03/18 v2.0 Configuration of epstopdf for MiKTeX
))
Package hyperref Info: Link coloring OFF on input line 6.
 (hw2sol.out) (hw2sol.out)
\@outlinefile=\write3
\openout3 = `hw2sol.out'.

LaTeX Font Info:    Trying to load font information for U+msa on input line 12.


(C:\Users\Pranjal\AppData\Local\Programs\MiKTeX\tex/latex/amsfonts\umsa.fd
File: umsa.fd 2013/01/14 v3.01 AMS symbols A
)
LaTeX Font Info:    Trying to load font information for U+msb on input line 12.


(C:\Users\Pranjal\AppData\Local\Programs\MiKTeX\tex/latex/amsfonts\umsb.fd
File: umsb.fd 2013/01/14 v3.01 AMS symbols B
)
LaTeX Font Info:    Trying to load font information for U+stmry on input line 1
2.

(C:\Users\Pranjal\AppData\Local\Programs\MiKTeX\tex/latex/stmaryrd\ustmry.fd)

LaTeX Font Warning: Font shape `U/stmry/b/n' undefined
(Font)              using `U/stmry/m/n' instead on input line 12.


Overfull \hbox (17.0pt too wide) in paragraph at lines 12--12
[][] 
 []

[1

{C:/Users/Pranjal/AppData/Local/MiKTeX/fonts/map/pdftex/pdftex.map}]
Overfull \hbox (17.0pt too wide) in paragraph at lines 62--62
[][] 
 []


Underfull \hbox (badness 10000) in paragraph at lines 64--66

 []

[2

]
Overfull \hbox (17.0pt too wide) in paragraph at lines 97--97
[][] 
 []

[3

]
Overfull \hbox (17.0pt too wide) in paragraph at lines 126--126
[][] 
 []


pdfTeX warning (ext4): destination with the same identifier (name{equation.0.1}
) has been already used, duplicate ignored
<to be read again> 
                   \relax 
l.138 \end{align}
                 
pdfTeX warning (ext4): destination with the same identifier (name{equation.0.2}
) has been already used, duplicate ignored
<to be read again> 
                   \relax 
l.142 \end{align}
                 
pdfTeX warning (ext4): destination with the same identifier (name{equation.0.3}
) has been already used, duplicate ignored
<to be read again> 
                   \relax 
l.145 \end{align}
                 
pdfTeX warning (ext4): destination with the same identifier (name{equation.0.4}
) has been already used, duplicate ignored
<to be read again> 
                   \relax 
l.152 \end{align}
                 
pdfTeX warning (ext4): destination with the same identifier (name{equation.0.5}
) has been already used, duplicate ignored
<to be read again> 
                   \relax 
l.156 \end{align}
                 
pdfTeX warning (ext4): destination with the same identifier (name{equation.0.6}
) has been already used, duplicate ignored
<to be read again> 
                   \relax 
l.163 \end{align}
                 
pdfTeX warning (ext4): destination with the same identifier (name{equation.0.7}
) has been already used, duplicate ignored
<to be read again> 
                   \relax 
l.163 \end{align}
                 
pdfTeX warning (ext4): destination with the same identifier (name{equation.0.8}
) has been already used, duplicate ignored
<to be read again> 
                   \relax 
l.163 \end{align}
                  [4

]
Overfull \hbox (17.0pt too wide) in paragraph at lines 175--175
[][] 
 []

<1.1.png, id=79, 403.9893pt x 312.9291pt>
File: 1.1.png Graphic file (type png)
<use 1.1.png>
Package pdftex.def Info: 1.1.png  used on input line 183.
(pdftex.def)             Requested size: 226.48395pt x 175.43486pt.
<1.2.png, id=81, 403.9893pt x 312.9291pt>
File: 1.2.png Graphic file (type png)
<use 1.2.png>
Package pdftex.def Info: 1.2.png  used on input line 188.
(pdftex.def)             Requested size: 226.48395pt x 175.43486pt.
<1.3.png, id=82, 403.9893pt x 312.9291pt>
File: 1.3.png Graphic file (type png)
<use 1.3.png>
Package pdftex.def Info: 1.3.png  used on input line 193.
(pdftex.def)             Requested size: 226.48395pt x 175.43486pt.
<1.4.png, id=83, 403.9893pt x 312.9291pt>
File: 1.4.png Graphic file (type png)
<use 1.4.png>
Package pdftex.def Info: 1.4.png  used on input line 198.
(pdftex.def)             Requested size: 226.48395pt x 175.43486pt.
<2.1.png, id=84, 403.9893pt x 312.9291pt>
File: 2.1.png Graphic file (type png)
<use 2.1.png>
Package pdftex.def Info: 2.1.png  used on input line 205.
(pdftex.def)             Requested size: 226.48395pt x 175.43486pt.
<2.2.png, id=85, 403.9893pt x 312.9291pt>
File: 2.2.png Graphic file (type png)
<use 2.2.png>
Package pdftex.def Info: 2.2.png  used on input line 210.
(pdftex.def)             Requested size: 226.48395pt x 175.43486pt.
<2.3.png, id=86, 403.9893pt x 312.9291pt>
File: 2.3.png Graphic file (type png)
<use 2.3.png>
Package pdftex.def Info: 2.3.png  used on input line 215.
(pdftex.def)             Requested size: 226.48395pt x 175.43486pt.
<2.4.png, id=87, 403.9893pt x 312.9291pt>
File: 2.4.png Graphic file (type png)
<use 2.4.png>
Package pdftex.def Info: 2.4.png  used on input line 220.
(pdftex.def)             Requested size: 226.48395pt x 175.43486pt.
[5

 <./1.1.png> <./1.2.png>]

LaTeX Warning: `!h' float specifier changed to `!ht'.


LaTeX Warning: `!h' float specifier changed to `!ht'.


LaTeX Warning: `!h' float specifier changed to `!ht'.

<2.5.png, id=95, 403.9893pt x 312.9291pt>
File: 2.5.png Graphic file (type png)
<use 2.5.png>
Package pdftex.def Info: 2.5.png  used on input line 226.
(pdftex.def)             Requested size: 226.48395pt x 175.43486pt.
[6 <./1.3.png> <./1.4.png> <./2.1.png>]
Overfull \vbox (67.23257pt too high) has occurred while \output is active []


[7 <./2.2.png> <./2.3.png> <./2.4.png> <./2.5.png>]
<5.2.1.png, id=112, 394.5942pt x 298.4751pt>
File: 5.2.1.png Graphic file (type png)
<use 5.2.1.png>
Package pdftex.def Info: 5.2.1.png  used on input line 236.
(pdftex.def)             Requested size: 226.48395pt x 171.32126pt.
<5.2.2.1.png, id=113, 394.5942pt x 298.4751pt>
File: 5.2.2.1.png Graphic file (type png)
<use 5.2.2.1.png>
Package pdftex.def Info: 5.2.2.1.png  used on input line 244.
(pdftex.def)             Requested size: 226.48395pt x 171.32126pt.
<5.2.2.2.png, id=114, 394.5942pt x 298.4751pt>
File: 5.2.2.2.png Graphic file (type png)
<use 5.2.2.2.png>
Package pdftex.def Info: 5.2.2.2.png  used on input line 249.
(pdftex.def)             Requested size: 226.48395pt x 171.32126pt.
<5.2.2.3.png, id=115, 394.5942pt x 298.4751pt>
File: 5.2.2.3.png Graphic file (type png)
<use 5.2.2.3.png>
Package pdftex.def Info: 5.2.2.3.png  used on input line 254.
(pdftex.def)             Requested size: 226.48395pt x 171.32126pt.
 [8 <./5.2.1.png> <./5.2.2.1.png>]
<5.2.2.4.png, id=122, 394.5942pt x 298.4751pt>
File: 5.2.2.4.png Graphic file (type png)
<use 5.2.2.4.png>
Package pdftex.def Info: 5.2.2.4.png  used on input line 259.
(pdftex.def)             Requested size: 226.48395pt x 171.32126pt.
<5.2.2.5.png, id=123, 394.5942pt x 298.4751pt>
File: 5.2.2.5.png Graphic file (type png)
<use 5.2.2.5.png>
Package pdftex.def Info: 5.2.2.5.png  used on input line 264.
(pdftex.def)             Requested size: 226.48395pt x 171.32126pt.
<5.2.2.6.png, id=124, 394.5942pt x 298.4751pt>
File: 5.2.2.6.png Graphic file (type png)
<use 5.2.2.6.png>
Package pdftex.def Info: 5.2.2.6.png  used on input line 269.
(pdftex.def)             Requested size: 226.48395pt x 171.32126pt.
 [9 <./5.2.2.2.png> <./5.2.2.3.png> <./5.2.2.4.png>]
<5.2.2.7.png, id=132, 394.5942pt x 298.4751pt>
File: 5.2.2.7.png Graphic file (type png)
<use 5.2.2.7.png>
Package pdftex.def Info: 5.2.2.7.png  used on input line 274.
(pdftex.def)             Requested size: 226.48395pt x 171.32126pt.
<5.2.2.8.png, id=133, 394.5942pt x 298.4751pt>
File: 5.2.2.8.png Graphic file (type png)
<use 5.2.2.8.png>
Package pdftex.def Info: 5.2.2.8.png  used on input line 279.
(pdftex.def)             Requested size: 226.48395pt x 171.32126pt.
<5.2.2.9.png, id=134, 394.5942pt x 298.4751pt>
File: 5.2.2.9.png Graphic file (type png)
<use 5.2.2.9.png>
Package pdftex.def Info: 5.2.2.9.png  used on input line 284.
(pdftex.def)             Requested size: 226.48395pt x 171.32126pt.
 [10 <./5.2.2.5.png> <./5.2.2.6.png> <./5.2.2.7.png>]
<5.2.2.10.png, id=142, 394.5942pt x 298.4751pt>
File: 5.2.2.10.png Graphic file (type png)
<use 5.2.2.10.png>
Package pdftex.def Info: 5.2.2.10.png  used on input line 289.
(pdftex.def)             Requested size: 226.48395pt x 171.32126pt.
 [11 <./5.2.2.8.png> <./5.2.2.9.png> <./5.2.2.10.png>]
<3.1.png, id=150, 839.0547pt x 435.7881pt>
File: 3.1.png Graphic file (type png)
<use 3.1.png>
Package pdftex.def Info: 3.1.png  used on input line 299.
(pdftex.def)             Requested size: 452.9679pt x 235.2622pt.
 [12 <./3.1.png>] (hw2sol.aux)
 ***********
LaTeX2e <2023-06-01> patch level 1
L3 programming layer <2023-08-29>
 ***********


LaTeX Font Warning: Some font shapes were not available, defaults substituted.


LaTeX Warning: Label(s) may have changed. Rerun to get cross-references right.

Package rerunfilecheck Info: File `hw2sol.out' has not changed.
(rerunfilecheck)             Checksum: 7691DB51ABB3CBF7C3E8DE092A2D1EBD;633.
 ) 
Here is how much of TeX's memory you used:
 11843 strings out of 475248
 176817 string characters out of 5756869
 1934785 words of memory out of 5000000
 33154 multiletter control sequences out of 15000+600000
 568246 words of font info for 73 fonts, out of 8000000 for 9000
 1141 hyphenation exceptions out of 8191
 105i,10n,107p,630b,563s stack positions out of 10000i,1000n,20000p,200000b,200000s
<C:/Users/Pranjal/AppData/Local/Programs/MiKTeX/fonts/type1/public/amsfonts/c
m/cmbx10.pfb><C:/Users/Pranjal/AppData/Local/Programs/MiKTeX/fonts/type1/public
/amsfonts/cm/cmbx8.pfb><C:/Users/Pranjal/AppData/Local/Programs/MiKTeX/fonts/ty
pe1/public/amsfonts/cm/cmex10.pfb><C:/Users/Pranjal/AppData/Local/Programs/MiKT
eX/fonts/type1/public/amsfonts/cm/cmmi10.pfb><C:/Users/Pranjal/AppData/Local/Pr
ograms/MiKTeX/fonts/type1/public/amsfonts/cm/cmmi6.pfb><C:/Users/Pranjal/AppDat
a/Local/Programs/MiKTeX/fonts/type1/public/amsfonts/cm/cmmi8.pfb><C:/Users/Pran
jal/AppData/Local/Programs/MiKTeX/fonts/type1/public/amsfonts/cm/cmmib10.pfb><C
:/Users/Pranjal/AppData/Local/Programs/MiKTeX/fonts/type1/public/amsfonts/cmext
ra/cmmib8.pfb><C:/Users/Pranjal/AppData/Local/Programs/MiKTeX/fonts/type1/publi
c/amsfonts/cm/cmr10.pfb><C:/Users/Pranjal/AppData/Local/Programs/MiKTeX/fonts/t
ype1/public/amsfonts/cm/cmr6.pfb><C:/Users/Pranjal/AppData/Local/Programs/MiKTe
X/fonts/type1/public/amsfonts/cm/cmr8.pfb><C:/Users/Pranjal/AppData/Local/Progr
ams/MiKTeX/fonts/type1/public/amsfonts/cm/cmss10.pfb><C:/Users/Pranjal/AppData/
Local/Programs/MiKTeX/fonts/type1/public/amsfonts/cm/cmssbx10.pfb><C:/Users/Pra
njal/AppData/Local/Programs/MiKTeX/fonts/type1/public/amsfonts/cm/cmsy10.pfb><C
:/Users/Pranjal/AppData/Local/Programs/MiKTeX/fonts/type1/public/amsfonts/cm/cm
sy6.pfb><C:/Users/Pranjal/AppData/Local/Programs/MiKTeX/fonts/type1/public/amsf
onts/cm/cmsy8.pfb><C:/Users/Pranjal/AppData/Local/Programs/MiKTeX/fonts/type1/p
ublic/amsfonts/cm/cmti10.pfb><C:/Users/Pranjal/AppData/Local/Programs/MiKTeX/fo
nts/type1/public/amsfonts/symbols/msbm10.pfb>
Output written on hw2sol.pdf (12 pages, 720501 bytes).
PDF statistics:
 239 PDF objects out of 1000 (max. 8388607)
 34 named destinations out of 1000 (max. 500000)
 162 words of extra memory for PDF output out of 10000 (max. 10000000)

